2026-02-27 19:45:05,431 - src.assistant_logic - INFO - Transcribing...
2026-02-27 19:45:05,433 - src.assistant_logic - INFO - Transcribed: Hello world
2026-02-27 19:46:24,742 - src.assistant_logic - ERROR - Wake Word Detector init failed: openwakeword not installed.
2026-02-27 19:46:24,742 - src.assistant_logic - INFO - Transcribing...
2026-02-27 19:46:24,743 - src.assistant_logic - INFO - Transcribed: What time is it?
2026-02-27 19:46:24,898 - src.assistant_logic - ERROR - Wake Word Detector init failed: openwakeword not installed.
2026-02-27 19:46:24,901 - src.assistant_logic - INFO - Transcribing...
2026-02-27 19:46:24,902 - src.assistant_logic - INFO - Transcribed: Dictated text.
2026-02-27 19:49:35,087 - src.assistant_logic - ERROR - Wake Word Detector init failed: openwakeword not installed.
2026-02-27 19:49:35,088 - src.assistant_logic - INFO - Transcribing...
2026-02-27 19:49:35,088 - src.assistant_logic - INFO - Transcribed: What time is it?
2026-02-27 19:49:35,197 - src.assistant_logic - ERROR - Wake Word Detector init failed: openwakeword not installed.
2026-02-27 19:49:35,199 - src.assistant_logic - INFO - Transcribing...
2026-02-27 19:49:35,199 - src.assistant_logic - INFO - Transcribed: Dictated text.
2026-02-27 19:50:24,962 - src.assistant_logic - ERROR - Wake Word Detector init failed: openwakeword not installed.
2026-02-27 19:50:24,962 - src.assistant_logic - INFO - Transcribing...
2026-02-27 19:50:24,963 - src.assistant_logic - INFO - Transcribed: What time is it?
2026-02-27 19:50:25,080 - src.assistant_logic - ERROR - Wake Word Detector init failed: openwakeword not installed.
2026-02-27 19:50:25,083 - src.assistant_logic - INFO - Transcribing...
2026-02-27 19:50:25,084 - src.assistant_logic - INFO - Transcribed: Dictated text.
2026-02-27 19:50:25,234 - src.assistant_logic - INFO - Transcribing...
2026-02-27 19:50:25,235 - src.assistant_logic - INFO - Transcribed: Hello world
2026-02-27 19:56:46,526 - src.assistant_logic - ERROR - Wake Word Detector init failed: openwakeword not installed.
2026-02-27 19:56:46,528 - src.assistant_logic - INFO - Transcribing...
2026-02-27 19:56:46,528 - src.assistant_logic - INFO - Transcribed: What time is it?
2026-02-27 19:56:46,712 - src.assistant_logic - ERROR - Wake Word Detector init failed: openwakeword not installed.
2026-02-27 19:56:46,715 - src.assistant_logic - INFO - Transcribing...
2026-02-27 19:56:46,716 - src.assistant_logic - INFO - Transcribed: Dictated text.
2026-02-27 19:56:46,875 - src.assistant_logic - INFO - Transcribing...
2026-02-27 19:56:46,875 - src.assistant_logic - INFO - Transcribed: Hello world
